<?xml version="1.0" encoding="UTF-8"?>
<!-- Generated by org.testng.reporters.JUnitReportReporter -->
<testsuite hostname="LAPTOP-0K86QFI4" failures="0" tests="1" name="com.seleniumAutomation.testcases.LoginTestDemo" time="4.540" errors="0" timestamp="2022-11-12T15:58:25 IST" skipped="0">
  <testcase classname="com.seleniumAutomation.testcases.LoginTestDemo" name="loginApp" time="4.540"/>
  <system-out/>
</testsuite> <!-- com.seleniumAutomation.testcases.LoginTestDemo -->
